# JRE version: Java(TM) SE Runtime Environment (17.0.12+8) (build 17.0.12+8-LTS-286)
# Java VM: Java HotSpot(TM) 64-Bit Server VM (17.0.12+8-LTS-286, mixed mode, sharing, tiered, compressed oops, compressed class ptrs, g1 gc, windows-amd64)
GC Precious Log:
 CPUs: 12 total, 12 available
 Memory: 32513M
 Large Page Support: Disabled
 NUMA Support: Disabled
 Compressed Oops: Enabled (Zero based)
 Heap Region Size: 4M
 Heap Min Capacity: 8M
 Heap Initial Capacity: 512M
 Heap Max Capacity: 8132M
 Pre-touch: Disabled
 Parallel Workers: 10
 Concurrent Workers: 3
 Concurrent Refinement Workers: 10
 Periodic GC: Disabled
Heap:
 garbage-first heap   total 163840K, used 118725K [0x0000000603c00000, 0x0000000800000000)
  region size 4096K, 22 young (90112K), 1 survivors (4096K)
 Metaspace       used 63190K, committed 64192K, reserved 1114112K
  class space    used 7946K, committed 8320K, reserved 1048576K
GC Heap History (20 events):
Event: 3.374 GC heap before
{Heap before GC invocations=8 (full 0):
 garbage-first heap   total 81920K, used 55519K [0x0000000603c00000, 0x0000000800000000)
  region size 4096K, 9 young (36864K), 1 survivors (4096K)
 Metaspace       used 34084K, committed 34496K, reserved 1114112K
  class space    used 4298K, committed 4480K, reserved 1048576K
}
Event: 3.380 GC heap after
{Heap after GC invocations=9 (full 0):
 garbage-first heap   total 81920K, used 25159K [0x0000000603c00000, 0x0000000800000000)
  region size 4096K, 2 young (8192K), 2 survivors (8192K)
 Metaspace       used 34084K, committed 34496K, reserved 1114112K
  class space    used 4298K, committed 4480K, reserved 1048576K
}
Event: 3.556 GC heap before
{Heap before GC invocations=9 (full 0):
 garbage-first heap   total 81920K, used 33351K [0x0000000603c00000, 0x0000000800000000)
  region size 4096K, 5 young (20480K), 2 survivors (8192K)
 Metaspace       used 35627K, committed 36096K, reserved 1114112K
  class space    used 4513K, committed 4736K, reserved 1048576K
}
Event: 3.564 GC heap after
{Heap after GC invocations=10 (full 0):
 garbage-first heap   total 81920K, used 25216K [0x0000000603c00000, 0x0000000800000000)
  region size 4096K, 1 young (4096K), 1 survivors (4096K)
 Metaspace       used 35627K, committed 36096K, reserved 1114112K
  class space    used 4513K, committed 4736K, reserved 1048576K
}
Event: 4.102 GC heap before
{Heap before GC invocations=11 (full 0):
 garbage-first heap   total 81920K, used 57984K [0x0000000603c00000, 0x0000000800000000)
  region size 4096K, 9 young (36864K), 1 survivors (4096K)
 Metaspace       used 41743K, committed 42304K, reserved 1114112K
  class space    used 5416K, committed 5696K, reserved 1048576K
}
Event: 4.108 GC heap after
{Heap after GC invocations=12 (full 0):
 garbage-first heap   total 81920K, used 27782K [0x0000000603c00000, 0x0000000800000000)
  region size 4096K, 2 young (8192K), 2 survivors (8192K)
 Metaspace       used 41743K, committed 42304K, reserved 1114112K
  class space    used 5416K, committed 5696K, reserved 1048576K
}
Event: 4.132 GC heap before
{Heap before GC invocations=12 (full 0):
 garbage-first heap   total 81920K, used 31878K [0x0000000603c00000, 0x0000000800000000)
  region size 4096K, 3 young (12288K), 2 survivors (8192K)
 Metaspace       used 41807K, committed 42368K, reserved 1114112K
  class space    used 5417K, committed 5696K, reserved 1048576K
}
Event: 4.142 GC heap after
{Heap after GC invocations=13 (full 0):
 garbage-first heap   total 81920K, used 28319K [0x0000000603c00000, 0x0000000800000000)
  region size 4096K, 1 young (4096K), 1 survivors (4096K)
 Metaspace       used 41807K, committed 42368K, reserved 1114112K
  class space    used 5417K, committed 5696K, reserved 1048576K
}
Event: 4.572 GC heap before
{Heap before GC invocations=13 (full 0):
 garbage-first heap   total 81920K, used 56991K [0x0000000603c00000, 0x0000000800000000)
  region size 4096K, 8 young (32768K), 1 survivors (4096K)
 Metaspace       used 45395K, committed 45952K, reserved 1114112K
  class space    used 5928K, committed 6208K, reserved 1048576K
}
Event: 4.576 GC heap after
{Heap after GC invocations=14 (full 0):
 garbage-first heap   total 303104K, used 32895K [0x0000000603c00000, 0x0000000800000000)
  region size 4096K, 1 young (4096K), 1 survivors (4096K)
 Metaspace       used 45395K, committed 45952K, reserved 1114112K
  class space    used 5928K, committed 6208K, reserved 1048576K
}
Event: 96.235 GC heap before
{Heap before GC invocations=14 (full 0):
 garbage-first heap   total 303104K, used 135295K [0x0000000603c00000, 0x0000000800000000)
  region size 4096K, 27 young (110592K), 1 survivors (4096K)
 Metaspace       used 59880K, committed 60480K, reserved 1114112K
  class space    used 7976K, committed 8256K, reserved 1048576K
}
Event: 96.243 GC heap after
{Heap after GC invocations=15 (full 0):
 garbage-first heap   total 303104K, used 40228K [0x0000000603c00000, 0x0000000800000000)
  region size 4096K, 3 young (12288K), 3 survivors (12288K)
 Metaspace       used 59880K, committed 60480K, reserved 1114112K
  class space    used 7976K, committed 8256K, reserved 1048576K
}
Event: 1301.704 GC heap before
{Heap before GC invocations=16 (full 0):
 garbage-first heap   total 180224K, used 134436K [0x0000000603c00000, 0x0000000800000000)
  region size 4096K, 26 young (106496K), 3 survivors (12288K)
 Metaspace       used 62578K, committed 63232K, reserved 1114112K
  class space    used 8028K, committed 8320K, reserved 1048576K
}
Event: 1301.709 GC heap after
{Heap after GC invocations=17 (full 0):
 garbage-first heap   total 180224K, used 41412K [0x0000000603c00000, 0x0000000800000000)
  region size 4096K, 3 young (12288K), 3 survivors (12288K)
 Metaspace       used 62578K, committed 63232K, reserved 1114112K
  class space    used 8028K, committed 8320K, reserved 1048576K
}
Event: 1360.625 GC heap before
{Heap before GC invocations=17 (full 0):
 garbage-first heap   total 180224K, used 45508K [0x0000000603c00000, 0x0000000800000000)
  region size 4096K, 4 young (16384K), 3 survivors (12288K)
 Metaspace       used 62645K, committed 63232K, reserved 1114112K
  class space    used 8028K, committed 8320K, reserved 1048576K
}
Event: 1360.630 GC heap after
{Heap after GC invocations=18 (full 0):
 garbage-first heap   total 180224K, used 41636K [0x0000000603c00000, 0x0000000800000000)
  region size 4096K, 1 young (4096K), 1 survivors (4096K)
 Metaspace       used 62645K, committed 63232K, reserved 1114112K
  class space    used 8028K, committed 8320K, reserved 1048576K
}
Event: 2743.079 GC heap before
{Heap before GC invocations=18 (full 0):
 garbage-first heap   total 180224K, used 131748K [0x0000000603c00000, 0x0000000800000000)
  region size 4096K, 23 young (94208K), 1 survivors (4096K)
 Metaspace       used 63225K, committed 63872K, reserved 1114112K
  class space    used 8028K, committed 8320K, reserved 1048576K
}
Event: 2743.081 GC heap after
{Heap after GC invocations=19 (full 0):
 garbage-first heap   total 180224K, used 40969K [0x0000000603c00000, 0x0000000800000000)
  region size 4096K, 1 young (4096K), 1 survivors (4096K)
 Metaspace       used 63225K, committed 63872K, reserved 1114112K
  class space    used 8028K, committed 8320K, reserved 1048576K
}
Event: 19901.303 GC heap before
{Heap before GC invocations=19 (full 0):
 garbage-first heap   total 180224K, used 135177K [0x0000000603c00000, 0x0000000800000000)
  region size 4096K, 24 young (98304K), 1 survivors (4096K)
 Metaspace       used 63516K, committed 64128K, reserved 1114112K
  class space    used 8030K, committed 8320K, reserved 1048576K
}
Event: 19901.306 GC heap after
{Heap after GC invocations=20 (full 0):
 garbage-first heap   total 180224K, used 40901K [0x0000000603c00000, 0x0000000800000000)
  region size 4096K, 1 young (4096K), 1 survivors (4096K)
 Metaspace       used 63516K, committed 64128K, reserved 1114112K
  class space    used 8030K, committed 8320K, reserved 1048576K
}

