# JRE version: Java(TM) SE Runtime Environment (17.0.12+8) (build 17.0.12+8-LTS-286)
# Java VM: Java HotSpot(TM) 64-Bit Server VM (17.0.12+8-LTS-286, mixed mode, sharing, tiered, compressed oops, compressed class ptrs, g1 gc, windows-amd64)
GC Precious Log:
 CPUs: 12 total, 12 available
 Memory: 32513M
 Large Page Support: Disabled
 NUMA Support: Disabled
 Compressed Oops: Enabled (Zero based)
 Heap Region Size: 4M
 Heap Min Capacity: 8M
 Heap Initial Capacity: 512M
 Heap Max Capacity: 8132M
 Pre-touch: Disabled
 Parallel Workers: 10
 Concurrent Workers: 3
 Concurrent Refinement Workers: 10
 Periodic GC: Disabled
Heap:
 garbage-first heap   total 151552K, used 97748K [0x0000000603c00000, 0x0000000800000000)
  region size 4096K, 13 young (53248K), 1 survivors (4096K)
 Metaspace       used 93667K, committed 94400K, reserved 1179648K
  class space    used 12822K, committed 13184K, reserved 1048576K
GC Heap History (20 events):
Event: 2.700 GC heap before
{Heap before GC invocations=5 (full 0):
 garbage-first heap   total 81920K, used 59588K [0x0000000603c00000, 0x0000000800000000)
  region size 4096K, 12 young (49152K), 1 survivors (4096K)
 Metaspace       used 28689K, committed 29056K, reserved 1114112K
  class space    used 3629K, committed 3776K, reserved 1048576K
}
Event: 2.704 GC heap after
{Heap after GC invocations=6 (full 0):
 garbage-first heap   total 81920K, used 22189K [0x0000000603c00000, 0x0000000800000000)
  region size 4096K, 2 young (8192K), 2 survivors (8192K)
 Metaspace       used 28689K, committed 29056K, reserved 1114112K
  class space    used 3629K, committed 3776K, reserved 1048576K
}
Event: 3.060 GC heap before
{Heap before GC invocations=6 (full 0):
 garbage-first heap   total 81920K, used 50861K [0x0000000603c00000, 0x0000000800000000)
  region size 4096K, 9 young (36864K), 2 survivors (8192K)
 Metaspace       used 30487K, committed 30976K, reserved 1114112K
  class space    used 3854K, committed 4096K, reserved 1048576K
}
Event: 3.065 GC heap after
{Heap after GC invocations=7 (full 0):
 garbage-first heap   total 81920K, used 24946K [0x0000000603c00000, 0x0000000800000000)
  region size 4096K, 2 young (8192K), 2 survivors (8192K)
 Metaspace       used 30487K, committed 30976K, reserved 1114112K
  class space    used 3854K, committed 4096K, reserved 1048576K
}
Event: 3.491 GC heap before
{Heap before GC invocations=7 (full 0):
 garbage-first heap   total 81920K, used 53618K [0x0000000603c00000, 0x0000000800000000)
  region size 4096K, 9 young (36864K), 2 survivors (8192K)
 Metaspace       used 33685K, committed 34112K, reserved 1114112K
  class space    used 4267K, committed 4480K, reserved 1048576K
}
Event: 3.496 GC heap after
{Heap after GC invocations=8 (full 0):
 garbage-first heap   total 81920K, used 25987K [0x0000000603c00000, 0x0000000800000000)
  region size 4096K, 2 young (8192K), 2 survivors (8192K)
 Metaspace       used 33685K, committed 34112K, reserved 1114112K
  class space    used 4267K, committed 4480K, reserved 1048576K
}
Event: 3.724 GC heap before
{Heap before GC invocations=8 (full 0):
 garbage-first heap   total 81920K, used 38275K [0x0000000603c00000, 0x0000000800000000)
  region size 4096K, 6 young (24576K), 2 survivors (8192K)
 Metaspace       used 35681K, committed 36096K, reserved 1114112K
  class space    used 4637K, committed 4864K, reserved 1048576K
}
Event: 3.731 GC heap after
{Heap after GC invocations=9 (full 0):
 garbage-first heap   total 81920K, used 26830K [0x0000000603c00000, 0x0000000800000000)
  region size 4096K, 1 young (4096K), 1 survivors (4096K)
 Metaspace       used 35681K, committed 36096K, reserved 1114112K
  class space    used 4637K, committed 4864K, reserved 1048576K
}
Event: 4.223 GC heap before
{Heap before GC invocations=10 (full 0):
 garbage-first heap   total 81920K, used 55502K [0x0000000603c00000, 0x0000000800000000)
  region size 4096K, 8 young (32768K), 1 survivors (4096K)
 Metaspace       used 38760K, committed 39232K, reserved 1114112K
  class space    used 5141K, committed 5376K, reserved 1048576K
}
Event: 4.231 GC heap after
{Heap after GC invocations=11 (full 0):
 garbage-first heap   total 81920K, used 29439K [0x0000000603c00000, 0x0000000800000000)
  region size 4096K, 1 young (4096K), 1 survivors (4096K)
 Metaspace       used 38760K, committed 39232K, reserved 1114112K
  class space    used 5141K, committed 5376K, reserved 1048576K
}
Event: 4.719 GC heap before
{Heap before GC invocations=11 (full 0):
 garbage-first heap   total 81920K, used 58111K [0x0000000603c00000, 0x0000000800000000)
  region size 4096K, 8 young (32768K), 1 survivors (4096K)
 Metaspace       used 43285K, committed 43776K, reserved 1114112K
  class space    used 5725K, committed 5952K, reserved 1048576K
}
Event: 4.729 GC heap after
{Heap after GC invocations=12 (full 0):
 garbage-first heap   total 303104K, used 31962K [0x0000000603c00000, 0x0000000800000000)
  region size 4096K, 1 young (4096K), 1 survivors (4096K)
 Metaspace       used 43285K, committed 43776K, reserved 1114112K
  class space    used 5725K, committed 5952K, reserved 1048576K
}
Event: 6.014 GC heap before
{Heap before GC invocations=12 (full 0):
 garbage-first heap   total 303104K, used 109786K [0x0000000603c00000, 0x0000000800000000)
  region size 4096K, 21 young (86016K), 1 survivors (4096K)
 Metaspace       used 59934K, committed 60416K, reserved 1114112K
  class space    used 8029K, committed 8256K, reserved 1048576K
}
Event: 6.020 GC heap after
{Heap after GC invocations=13 (full 0):
 garbage-first heap   total 303104K, used 36976K [0x0000000603c00000, 0x0000000800000000)
  region size 4096K, 2 young (8192K), 2 survivors (8192K)
 Metaspace       used 59934K, committed 60416K, reserved 1114112K
  class space    used 8029K, committed 8256K, reserved 1048576K
}
Event: 7.495 GC heap before
{Heap before GC invocations=14 (full 0):
 garbage-first heap   total 151552K, used 118896K [0x0000000603c00000, 0x0000000800000000)
  region size 4096K, 22 young (90112K), 2 survivors (8192K)
 Metaspace       used 76063K, committed 76736K, reserved 1179648K
  class space    used 10475K, committed 10816K, reserved 1048576K
}
Event: 7.501 GC heap after
{Heap after GC invocations=15 (full 0):
 garbage-first heap   total 151552K, used 42414K [0x0000000603c00000, 0x0000000800000000)
  region size 4096K, 3 young (12288K), 3 survivors (12288K)
 Metaspace       used 76063K, committed 76736K, reserved 1179648K
  class space    used 10475K, committed 10816K, reserved 1048576K
}
Event: 8.815 GC heap before
{Heap before GC invocations=15 (full 0):
 garbage-first heap   total 151552K, used 107950K [0x0000000603c00000, 0x0000000800000000)
  region size 4096K, 19 young (77824K), 3 survivors (12288K)
 Metaspace       used 85253K, committed 85952K, reserved 1179648K
  class space    used 11774K, committed 12096K, reserved 1048576K
}
Event: 8.823 GC heap after
{Heap after GC invocations=16 (full 0):
 garbage-first heap   total 151552K, used 49254K [0x0000000603c00000, 0x0000000800000000)
  region size 4096K, 3 young (12288K), 3 survivors (12288K)
 Metaspace       used 85253K, committed 85952K, reserved 1179648K
  class space    used 11774K, committed 12096K, reserved 1048576K
}
Event: 870.540 GC heap before
{Heap before GC invocations=16 (full 0):
 garbage-first heap   total 151552K, used 110694K [0x0000000603c00000, 0x0000000800000000)
  region size 4096K, 18 young (73728K), 3 survivors (12288K)
 Metaspace       used 93285K, committed 94016K, reserved 1179648K
  class space    used 12813K, committed 13184K, reserved 1048576K
}
Event: 870.550 GC heap after
{Heap after GC invocations=17 (full 0):
 garbage-first heap   total 151552K, used 52692K [0x0000000603c00000, 0x0000000800000000)
  region size 4096K, 1 young (4096K), 1 survivors (4096K)
 Metaspace       used 93285K, committed 94016K, reserved 1179648K
  class space    used 12813K, committed 13184K, reserved 1048576K
}

