# JRE version: Java(TM) SE Runtime Environment (17.0.12+8) (build 17.0.12+8-LTS-286)
# Java VM: Java HotSpot(TM) 64-Bit Server VM (17.0.12+8-LTS-286, mixed mode, sharing, tiered, compressed oops, compressed class ptrs, g1 gc, windows-amd64)
GC Precious Log:
 CPUs: 12 total, 12 available
 Memory: 32513M
 Large Page Support: Disabled
 NUMA Support: Disabled
 Compressed Oops: Enabled (Zero based)
 Heap Region Size: 4M
 Heap Min Capacity: 8M
 Heap Initial Capacity: 512M
 Heap Max Capacity: 8132M
 Pre-touch: Disabled
 Parallel Workers: 10
 Concurrent Workers: 3
 Concurrent Refinement Workers: 10
 Periodic GC: Disabled
Heap:
 garbage-first heap   total 151552K, used 78004K [0x0000000603c00000, 0x0000000800000000)
  region size 4096K, 11 young (45056K), 3 survivors (12288K)
 Metaspace       used 87732K, committed 88384K, reserved 1179648K
  class space    used 11957K, committed 12288K, reserved 1048576K
GC Heap History (20 events):
Event: 3.447 GC heap before
{Heap before GC invocations=3 (full 0):
 garbage-first heap   total 524288K, used 38147K [0x0000000603c00000, 0x0000000800000000)
  region size 4096K, 7 young (28672K), 1 survivors (4096K)
 Metaspace       used 21182K, committed 21504K, reserved 1114112K
  class space    used 2556K, committed 2688K, reserved 1048576K
}
Event: 3.450 GC heap after
{Heap after GC invocations=4 (full 0):
 garbage-first heap   total 524288K, used 18616K [0x0000000603c00000, 0x0000000800000000)
  region size 4096K, 1 young (4096K), 1 survivors (4096K)
 Metaspace       used 21182K, committed 21504K, reserved 1114112K
  class space    used 2556K, committed 2688K, reserved 1048576K
}
Event: 4.351 GC heap before
{Heap before GC invocations=5 (full 0):
 garbage-first heap   total 81920K, used 59576K [0x0000000603c00000, 0x0000000800000000)
  region size 4096K, 12 young (49152K), 1 survivors (4096K)
 Metaspace       used 28824K, committed 29248K, reserved 1114112K
  class space    used 3654K, committed 3840K, reserved 1048576K
}
Event: 4.358 GC heap after
{Heap after GC invocations=6 (full 0):
 garbage-first heap   total 81920K, used 22447K [0x0000000603c00000, 0x0000000800000000)
  region size 4096K, 2 young (8192K), 2 survivors (8192K)
 Metaspace       used 28824K, committed 29248K, reserved 1114112K
  class space    used 3654K, committed 3840K, reserved 1048576K
}
Event: 4.914 GC heap before
{Heap before GC invocations=6 (full 0):
 garbage-first heap   total 81920K, used 51119K [0x0000000603c00000, 0x0000000800000000)
  region size 4096K, 9 young (36864K), 2 survivors (8192K)
 Metaspace       used 30582K, committed 31040K, reserved 1114112K
  class space    used 3873K, committed 4096K, reserved 1048576K
}
Event: 4.923 GC heap after
{Heap after GC invocations=7 (full 0):
 garbage-first heap   total 81920K, used 25288K [0x0000000603c00000, 0x0000000800000000)
  region size 4096K, 2 young (8192K), 2 survivors (8192K)
 Metaspace       used 30582K, committed 31040K, reserved 1114112K
  class space    used 3873K, committed 4096K, reserved 1048576K
}
Event: 5.649 GC heap before
{Heap before GC invocations=7 (full 0):
 garbage-first heap   total 81920K, used 53960K [0x0000000603c00000, 0x0000000800000000)
  region size 4096K, 9 young (36864K), 2 survivors (8192K)
 Metaspace       used 33931K, committed 34368K, reserved 1114112K
  class space    used 4310K, committed 4544K, reserved 1048576K
}
Event: 5.657 GC heap after
{Heap after GC invocations=8 (full 0):
 garbage-first heap   total 81920K, used 26485K [0x0000000603c00000, 0x0000000800000000)
  region size 4096K, 2 young (8192K), 2 survivors (8192K)
 Metaspace       used 33931K, committed 34368K, reserved 1114112K
  class space    used 4310K, committed 4544K, reserved 1048576K
}
Event: 5.951 GC heap before
{Heap before GC invocations=8 (full 0):
 garbage-first heap   total 81920K, used 34677K [0x0000000603c00000, 0x0000000800000000)
  region size 4096K, 5 young (20480K), 2 survivors (8192K)
 Metaspace       used 35642K, committed 36096K, reserved 1114112K
  class space    used 4623K, committed 4864K, reserved 1048576K
}
Event: 5.960 GC heap after
{Heap after GC invocations=9 (full 0):
 garbage-first heap   total 81920K, used 27122K [0x0000000603c00000, 0x0000000800000000)
  region size 4096K, 1 young (4096K), 1 survivors (4096K)
 Metaspace       used 35642K, committed 36096K, reserved 1114112K
  class space    used 4623K, committed 4864K, reserved 1048576K
}
Event: 6.670 GC heap before
{Heap before GC invocations=10 (full 0):
 garbage-first heap   total 81920K, used 55794K [0x0000000603c00000, 0x0000000800000000)
  region size 4096K, 8 young (32768K), 1 survivors (4096K)
 Metaspace       used 38568K, committed 38976K, reserved 1114112K
  class space    used 5118K, committed 5312K, reserved 1048576K
}
Event: 6.681 GC heap after
{Heap after GC invocations=11 (full 0):
 garbage-first heap   total 81920K, used 29278K [0x0000000603c00000, 0x0000000800000000)
  region size 4096K, 1 young (4096K), 1 survivors (4096K)
 Metaspace       used 38568K, committed 38976K, reserved 1114112K
  class space    used 5118K, committed 5312K, reserved 1048576K
}
Event: 7.493 GC heap before
{Heap before GC invocations=11 (full 0):
 garbage-first heap   total 81920K, used 53854K [0x0000000603c00000, 0x0000000800000000)
  region size 4096K, 8 young (32768K), 1 survivors (4096K)
 Metaspace       used 43128K, committed 43648K, reserved 1114112K
  class space    used 5709K, committed 5952K, reserved 1048576K
}
Event: 7.508 GC heap after
{Heap after GC invocations=12 (full 0):
 garbage-first heap   total 303104K, used 31979K [0x0000000603c00000, 0x0000000800000000)
  region size 4096K, 1 young (4096K), 1 survivors (4096K)
 Metaspace       used 43128K, committed 43648K, reserved 1114112K
  class space    used 5709K, committed 5952K, reserved 1048576K
}
Event: 9.579 GC heap before
{Heap before GC invocations=12 (full 0):
 garbage-first heap   total 303104K, used 109803K [0x0000000603c00000, 0x0000000800000000)
  region size 4096K, 21 young (86016K), 1 survivors (4096K)
 Metaspace       used 59911K, committed 60416K, reserved 1114112K
  class space    used 8029K, committed 8256K, reserved 1048576K
}
Event: 9.586 GC heap after
{Heap after GC invocations=13 (full 0):
 garbage-first heap   total 303104K, used 37012K [0x0000000603c00000, 0x0000000800000000)
  region size 4096K, 2 young (8192K), 2 survivors (8192K)
 Metaspace       used 59911K, committed 60416K, reserved 1114112K
  class space    used 8029K, committed 8256K, reserved 1048576K
}
Event: 12.256 GC heap before
{Heap before GC invocations=14 (full 0):
 garbage-first heap   total 151552K, used 118932K [0x0000000603c00000, 0x0000000800000000)
  region size 4096K, 22 young (90112K), 2 survivors (8192K)
 Metaspace       used 76411K, committed 77056K, reserved 1179648K
  class space    used 10537K, committed 10880K, reserved 1048576K
}
Event: 12.264 GC heap after
{Heap after GC invocations=15 (full 0):
 garbage-first heap   total 151552K, used 42694K [0x0000000603c00000, 0x0000000800000000)
  region size 4096K, 3 young (12288K), 3 survivors (12288K)
 Metaspace       used 76411K, committed 77056K, reserved 1179648K
  class space    used 10537K, committed 10880K, reserved 1048576K
}
Event: 14.238 GC heap before
{Heap before GC invocations=15 (full 0):
 garbage-first heap   total 151552K, used 112326K [0x0000000603c00000, 0x0000000800000000)
  region size 4096K, 20 young (81920K), 3 survivors (12288K)
 Metaspace       used 85997K, committed 86592K, reserved 1179648K
  class space    used 11873K, committed 12160K, reserved 1048576K
}
Event: 14.250 GC heap after
{Heap after GC invocations=16 (full 0):
 garbage-first heap   total 151552K, used 49332K [0x0000000603c00000, 0x0000000800000000)
  region size 4096K, 3 young (12288K), 3 survivors (12288K)
 Metaspace       used 85997K, committed 86592K, reserved 1179648K
  class space    used 11873K, committed 12160K, reserved 1048576K
}

