# JRE version: Java(TM) SE Runtime Environment (17.0.12+8) (build 17.0.12+8-LTS-286)
# Java VM: Java HotSpot(TM) 64-Bit Server VM (17.0.12+8-LTS-286, mixed mode, sharing, tiered, compressed oops, compressed class ptrs, g1 gc, windows-amd64)
GC Precious Log:
 CPUs: 12 total, 12 available
 Memory: 32513M
 Large Page Support: Disabled
 NUMA Support: Disabled
 Compressed Oops: Enabled (Zero based)
 Heap Region Size: 4M
 Heap Min Capacity: 8M
 Heap Initial Capacity: 512M
 Heap Max Capacity: 8132M
 Pre-touch: Disabled
 Parallel Workers: 10
 Concurrent Workers: 3
 Concurrent Refinement Workers: 10
 Periodic GC: Disabled
Heap:
 garbage-first heap   total 98304K, used 62181K [0x0000000603c00000, 0x0000000800000000)
  region size 4096K, 7 young (28672K), 1 survivors (4096K)
 Metaspace       used 64023K, committed 64576K, reserved 1114112K
  class space    used 8114K, committed 8384K, reserved 1048576K
GC Heap History (20 events):
Event: 6.639 GC heap before
{Heap before GC invocations=10 (full 0):
 garbage-first heap   total 98304K, used 65460K [0x0000000603c00000, 0x0000000800000000)
  region size 4096K, 12 young (49152K), 2 survivors (8192K)
 Metaspace       used 41803K, committed 42304K, reserved 1114112K
  class space    used 5418K, committed 5696K, reserved 1048576K
}
Event: 6.653 GC heap after
{Heap after GC invocations=11 (full 0):
 garbage-first heap   total 98304K, used 29066K [0x0000000603c00000, 0x0000000800000000)
  region size 4096K, 2 young (8192K), 2 survivors (8192K)
 Metaspace       used 41803K, committed 42304K, reserved 1114112K
  class space    used 5418K, committed 5696K, reserved 1048576K
}
Event: 7.831 GC heap before
{Heap before GC invocations=11 (full 0):
 garbage-first heap   total 98304K, used 65930K [0x0000000603c00000, 0x0000000800000000)
  region size 4096K, 11 young (45056K), 2 survivors (8192K)
 Metaspace       used 47468K, committed 48000K, reserved 1114112K
  class space    used 6310K, committed 6592K, reserved 1048576K
}
Event: 7.837 GC heap after
{Heap after GC invocations=12 (full 0):
 garbage-first heap   total 98304K, used 33863K [0x0000000603c00000, 0x0000000800000000)
  region size 4096K, 2 young (8192K), 2 survivors (8192K)
 Metaspace       used 47468K, committed 48000K, reserved 1114112K
  class space    used 6310K, committed 6592K, reserved 1048576K
}
Event: 8.900 GC heap before
{Heap before GC invocations=12 (full 0):
 garbage-first heap   total 98304K, used 62535K [0x0000000603c00000, 0x0000000800000000)
  region size 4096K, 9 young (36864K), 2 survivors (8192K)
 Metaspace       used 52799K, committed 53312K, reserved 1114112K
  class space    used 7052K, committed 7296K, reserved 1048576K
}
Event: 8.906 GC heap after
{Heap after GC invocations=13 (full 0):
 garbage-first heap   total 98304K, used 38153K [0x0000000603c00000, 0x0000000800000000)
  region size 4096K, 2 young (8192K), 2 survivors (8192K)
 Metaspace       used 52799K, committed 53312K, reserved 1114112K
  class space    used 7052K, committed 7296K, reserved 1048576K
}
Event: 22.868 GC heap before
{Heap before GC invocations=13 (full 0):
 garbage-first heap   total 98304K, used 62729K [0x0000000603c00000, 0x0000000800000000)
  region size 4096K, 9 young (36864K), 2 survivors (8192K)
 Metaspace       used 58477K, committed 59072K, reserved 1114112K
  class space    used 7797K, committed 8064K, reserved 1048576K
}
Event: 22.874 GC heap after
{Heap after GC invocations=14 (full 0):
 garbage-first heap   total 98304K, used 40372K [0x0000000603c00000, 0x0000000800000000)
  region size 4096K, 2 young (8192K), 2 survivors (8192K)
 Metaspace       used 58477K, committed 59072K, reserved 1114112K
  class space    used 7797K, committed 8064K, reserved 1048576K
}
Event: 23.667 GC heap before
{Heap before GC invocations=14 (full 0):
 garbage-first heap   total 98304K, used 48564K [0x0000000603c00000, 0x0000000800000000)
  region size 4096K, 5 young (20480K), 2 survivors (8192K)
 Metaspace       used 59954K, committed 60480K, reserved 1114112K
  class space    used 8016K, committed 8256K, reserved 1048576K
}
Event: 23.672 GC heap after
{Heap after GC invocations=15 (full 0):
 garbage-first heap   total 98304K, used 41285K [0x0000000603c00000, 0x0000000800000000)
  region size 4096K, 1 young (4096K), 1 survivors (4096K)
 Metaspace       used 59954K, committed 60480K, reserved 1114112K
  class space    used 8016K, committed 8256K, reserved 1048576K
}
Event: 130842.062 GC heap before
{Heap before GC invocations=16 (full 0):
 garbage-first heap   total 98304K, used 69957K [0x0000000603c00000, 0x0000000800000000)
  region size 4096K, 8 young (32768K), 1 survivors (4096K)
 Metaspace       used 61777K, committed 62400K, reserved 1114112K
  class space    used 8110K, committed 8384K, reserved 1048576K
}
Event: 130842.066 GC heap after
{Heap after GC invocations=17 (full 0):
 garbage-first heap   total 98304K, used 42101K [0x0000000603c00000, 0x0000000800000000)
  region size 4096K, 1 young (4096K), 1 survivors (4096K)
 Metaspace       used 61777K, committed 62400K, reserved 1114112K
  class space    used 8110K, committed 8384K, reserved 1048576K
}
Event: 130930.819 GC heap before
{Heap before GC invocations=17 (full 0):
 garbage-first heap   total 98304K, used 46197K [0x0000000603c00000, 0x0000000800000000)
  region size 4096K, 2 young (8192K), 1 survivors (4096K)
 Metaspace       used 61936K, committed 62528K, reserved 1114112K
  class space    used 8112K, committed 8384K, reserved 1048576K
}
Event: 130930.822 GC heap after
{Heap after GC invocations=18 (full 0):
 garbage-first heap   total 98304K, used 41311K [0x0000000603c00000, 0x0000000800000000)
  region size 4096K, 1 young (4096K), 1 survivors (4096K)
 Metaspace       used 61936K, committed 62528K, reserved 1114112K
  class space    used 8112K, committed 8384K, reserved 1048576K
}
Event: 131615.413 GC heap before
{Heap before GC invocations=18 (full 0):
 garbage-first heap   total 98304K, used 65887K [0x0000000603c00000, 0x0000000800000000)
  region size 4096K, 8 young (32768K), 1 survivors (4096K)
 Metaspace       used 63079K, committed 63680K, reserved 1114112K
  class space    used 8114K, committed 8384K, reserved 1048576K
}
Event: 131615.415 GC heap after
{Heap after GC invocations=19 (full 0):
 garbage-first heap   total 98304K, used 41630K [0x0000000603c00000, 0x0000000800000000)
  region size 4096K, 1 young (4096K), 1 survivors (4096K)
 Metaspace       used 63079K, committed 63680K, reserved 1114112K
  class space    used 8114K, committed 8384K, reserved 1048576K
}
Event: 132432.427 GC heap before
{Heap before GC invocations=19 (full 0):
 garbage-first heap   total 98304K, used 74398K [0x0000000603c00000, 0x0000000800000000)
  region size 4096K, 9 young (36864K), 1 survivors (4096K)
 Metaspace       used 63584K, committed 64192K, reserved 1114112K
  class space    used 8114K, committed 8384K, reserved 1048576K
}
Event: 132432.429 GC heap after
{Heap after GC invocations=20 (full 0):
 garbage-first heap   total 98304K, used 41662K [0x0000000603c00000, 0x0000000800000000)
  region size 4096K, 1 young (4096K), 1 survivors (4096K)
 Metaspace       used 63584K, committed 64192K, reserved 1114112K
  class space    used 8114K, committed 8384K, reserved 1048576K
}
Event: 133272.836 GC heap before
{Heap before GC invocations=20 (full 0):
 garbage-first heap   total 98304K, used 70334K [0x0000000603c00000, 0x0000000800000000)
  region size 4096K, 9 young (36864K), 1 survivors (4096K)
 Metaspace       used 63788K, committed 64384K, reserved 1114112K
  class space    used 8114K, committed 8384K, reserved 1048576K
}
Event: 133272.839 GC heap after
{Heap after GC invocations=21 (full 0):
 garbage-first heap   total 98304K, used 41701K [0x0000000603c00000, 0x0000000800000000)
  region size 4096K, 1 young (4096K), 1 survivors (4096K)
 Metaspace       used 63788K, committed 64384K, reserved 1114112K
  class space    used 8114K, committed 8384K, reserved 1048576K
}

